<?xml version="1.0" encoding="UTF-8"?>
<!-- Generated by org.testng.reporters.JUnitReportReporter -->
<testsuite hostname="TYSS-Apoorva" failures="0" tests="1" name="functionality.Tc_car_002_Test" time="6.831" errors="0" timestamp="2024-03-19T14:18:27 IST" skipped="0">
  <testcase classname="functionality.Tc_car_002_Test" name="roycemotorcars" time="6.831"/>
  <system-out/>
</testsuite> <!-- functionality.Tc_car_002_Test -->
