<?xml version="1.0" encoding="UTF-8"?>
<!-- Generated by org.testng.reporters.JUnitReportReporter -->
<testsuite hostname="TYSS-Apoorva" failures="0" tests="1" name="functionality.LearningExtentReport" time="12.358" errors="0" timestamp="2024-02-28T11:13:41 IST" skipped="0">
  <testcase classname="functionality.LearningExtentReport" name="login" time="12.358"/>
  <system-out/>
</testsuite> <!-- functionality.LearningExtentReport -->
