<?xml version="1.0" encoding="UTF-8"?>
<!-- Generated by org.testng.reporters.JUnitReportReporter -->
<testsuite hostname="TYSS-Apoorva" failures="0" tests="1" name="functionality.Tc_car_001_Test" time="6.265" errors="0" timestamp="2024-02-12T20:00:41 IST" skipped="0">
  <testcase classname="functionality.Tc_car_001_Test" name="lamborghini" time="6.265"/>
  <system-out/>
</testsuite> <!-- functionality.Tc_car_001_Test -->
