<?xml version="1.0" encoding="UTF-8"?>
<!-- Generated by org.testng.reporters.JUnitReportReporter -->
<testsuite hostname="TYSS-Apoorva" failures="0" tests="1" name="system.Tc_tourist_004_Test" time="5.218" errors="0" timestamp="2024-02-15T17:51:52 IST" skipped="0">
  <testcase classname="system.Tc_tourist_004_Test" name="d" time="5.218"/>
  <system-out/>
</testsuite> <!-- system.Tc_tourist_004_Test -->
