<?xml version="1.0" encoding="UTF-8"?>
<!-- Generated by org.testng.reporters.JUnitReportReporter -->
<testsuite hostname="TYSS-Apoorva" failures="0" tests="1" name="intigration.Tc_beauty_001_Test" time="4.596" errors="0" timestamp="2024-02-12T20:00:41 IST" skipped="0">
  <testcase classname="intigration.Tc_beauty_001_Test" name="lorealparis" time="4.596"/>
  <system-out/>
</testsuite> <!-- intigration.Tc_beauty_001_Test -->
