<?xml version="1.0" encoding="UTF-8"?>
<!-- Generated by org.testng.reporters.JUnitReportReporter -->
<testsuite hostname="TYSS-Apoorva" failures="0" tests="1" name="system.Tc_tourist_005_Test" time="4.595" errors="0" timestamp="2024-02-15T17:51:52 IST" skipped="0">
  <testcase classname="system.Tc_tourist_005_Test" name="e" time="4.595"/>
  <system-out/>
</testsuite> <!-- system.Tc_tourist_005_Test -->
